<?xml version="1.0" encoding="UTF-8"?>
<!-- Generated by org.testng.reporters.JUnitReportReporter -->
<testsuite name="testcases.VerifyLoginPage" tests="1" time="19.407" ignored="0" failures="0" timestamp="23 Feb 2017 01:59:26 GMT" skipped="0" hostname="hp" errors="0">
  <testcase name="doLogin" time="19.407" classname="testcases.VerifyLoginPage"/>
</testsuite> <!-- testcases.VerifyLoginPage -->
