<?xml version="1.0" encoding="UTF-8"?>
<!-- Generated by org.testng.reporters.JUnitReportReporter -->
<testsuite name="testcases.VerifyHomePage" tests="1" time="21.725" ignored="0" failures="0" timestamp="23 Feb 2017 01:59:26 GMT" skipped="0" hostname="hp" errors="0">
  <testcase name="clickOnMyAccount" time="21.725" classname="testcases.VerifyHomePage"/>
</testsuite> <!-- testcases.VerifyHomePage -->
