<?xml version="1.0" encoding="UTF-8"?>
<!-- Generated by org.testng.reporters.JUnitReportReporter -->
<testsuite name="testcases.VerifyLogOutPage" tests="1" time="26.621" ignored="0" failures="0" timestamp="23 Feb 2017 01:59:26 GMT" skipped="0" hostname="hp" errors="0">
  <testcase name="doLogin" time="26.621" classname="testcases.VerifyLogOutPage"/>
</testsuite> <!-- testcases.VerifyLogOutPage -->
